Feb 24, 2019 11:14:13 PM util.DBConnection connect
INFO: U05bpp
Feb 25, 2019 8:56:44 AM util.Logging init
SEVERE: MSG from Logging
Feb 25, 2019 8:59:34 AM util.Logging init
SEVERE: MSG from Logging
Feb 25, 2019 9:00:44 AM util.Logging init
SEVERE: MSG from Logging
Feb 25, 2019 9:00:44 AM controller.Main main
SEVERE: msg from MAIN
Feb 25, 2019 9:02:37 AM util.Logging init
SEVERE: MSG from Logging
Feb 25, 2019 9:02:37 AM controller.Main main
SEVERE: msg from MAIN
Feb 25, 2019 9:03:22 AM util.Logging init
SEVERE: MSG from Logging
Feb 25, 2019 9:03:22 AM util.DBConnection connect
INFO: U05bpp
Feb 25, 2019 9:03:23 AM util.Logging init
SEVERE: MSG from Logging
Feb 25, 2019 9:03:23 AM controller.Main main
SEVERE: msg from MAIN
Feb 25, 2019 9:14:43 AM util.Logging init
SEVERE: MSG from Logging
Feb 25, 2019 9:14:43 AM util.DBConnection connect
INFO: U05bpp
Feb 25, 2019 9:14:44 AM util.Logging init
SEVERE: MSG from Logging
Feb 25, 2019 9:14:44 AM controller.Main main
SEVERE: msg from MAIN
Feb 25, 2019 9:18:32 AM util.Logging init
INFO: MSG from Logging
Feb 25, 2019 9:18:32 AM util.DBConnection connect
INFO: U05bpp
Feb 25, 2019 9:18:33 AM util.Logging init
INFO: MSG from Logging
Feb 25, 2019 9:18:33 AM controller.Main main
INFO: msg from MAIN
Feb 25, 2019 9:19:01 AM util.Logging init
INFO: MSG from Logging
Feb 25, 2019 9:19:01 AM util.DBConnection connect
INFO: U05bpp
Feb 25, 2019 9:19:02 AM util.Logging init
INFO: MSG from Logging
Feb 25, 2019 9:19:02 AM controller.Main main
INFO: msg from MAIN
Feb 25, 2019 9:27:52 AM util.DBConnection connect
INFO: U05bpp
Feb 25, 2019 9:27:53 AM controller.Main main
INFO: msg from MAIN
Feb 25, 2019 10:56:27 AM util.DBConnection connect
INFO: U05bpp
Feb 25, 2019 10:56:28 AM controller.Main main
INFO: msg from MAIN
Feb 25, 2019 11:18:37 AM util.DBConnection connect
INFO: U05bpp
Feb 25, 2019 11:18:38 AM controller.Main main
INFO: msg from MAIN
Feb 25, 2019 11:24:53 AM util.DBConnection connect
INFO: U05bpp
Feb 25, 2019 11:24:54 AM controller.Main main
INFO: msg from MAIN
Feb 25, 2019 11:25:55 AM util.DBConnection connect
INFO: U05bpp
Feb 25, 2019 11:25:56 AM controller.Main main
INFO: msg from MAIN
Feb 25, 2019 11:37:32 AM util.DBConnection connect
INFO: U05bpp
Feb 25, 2019 11:37:33 AM controller.Main main
INFO: msg from MAIN
Feb 25, 2019 11:38:16 AM util.DBConnection connect
INFO: U05bpp
Feb 25, 2019 11:38:17 AM controller.Main main
INFO: msg from MAIN
Feb 25, 2019 11:39:03 AM util.DBConnection connect
INFO: U05bpp
Feb 25, 2019 11:39:04 AM controller.Main main
INFO: msg from MAIN
Feb 25, 2019 11:40:20 AM util.DBConnection connect
INFO: U05bpp
Feb 25, 2019 11:40:21 AM controller.Main main
INFO: msg from MAIN
Feb 25, 2019 11:41:22 AM util.DBConnection connect
INFO: U05bpp
Feb 25, 2019 11:41:23 AM controller.Main main
INFO: msg from MAIN
Feb 25, 2019 11:59:07 AM util.DBConnection connect
INFO: U05bpp
Feb 25, 2019 11:59:08 AM controller.Main main
INFO: msg from MAIN
Feb 25, 2019 11:59:51 AM util.DBConnection connect
INFO: U05bpp
Feb 25, 2019 11:59:52 AM controller.Main main
INFO: msg from MAIN
Feb 25, 2019 12:00:22 PM util.DBConnection connect
INFO: U05bpp
Feb 25, 2019 12:00:23 PM controller.Main main
INFO: msg from MAIN
Feb 25, 2019 12:01:00 PM util.DBConnection connect
INFO: U05bpp
Feb 25, 2019 12:01:01 PM controller.Main main
INFO: msg from MAIN
Feb 25, 2019 12:02:46 PM util.DBConnection connect
INFO: U05bpp
Feb 25, 2019 12:02:47 PM controller.Main main
INFO: msg from MAIN
Feb 25, 2019 12:03:33 PM util.DBConnection connect
INFO: U05bpp
Feb 25, 2019 12:03:34 PM controller.Main main
INFO: msg from MAIN
Feb 25, 2019 1:26:35 PM util.DBConnection connect
INFO: U05bpp
Feb 25, 2019 1:26:36 PM controller.Main main
INFO: msg from MAIN
Feb 25, 2019 1:30:02 PM util.DBConnection connect
INFO: U05bpp
Feb 25, 2019 1:30:03 PM controller.Main main
INFO: msg from MAIN
Feb 25, 2019 1:30:24 PM util.DBConnection connect
INFO: U05bpp
Feb 25, 2019 1:30:25 PM controller.Main main
INFO: msg from MAIN
Feb 25, 2019 1:32:03 PM util.DBConnection connect
INFO: U05bpp
Feb 25, 2019 1:32:04 PM controller.Main main
INFO: msg from MAIN
Feb 25, 2019 1:34:27 PM util.DBConnection connect
INFO: U05bpp
Feb 25, 2019 1:34:28 PM controller.Main main
INFO: msg from MAIN
Feb 25, 2019 1:35:03 PM util.DBConnection connect
INFO: U05bpp
Feb 25, 2019 1:35:04 PM controller.Main main
INFO: msg from MAIN
Feb 25, 2019 1:35:54 PM util.DBConnection connect
INFO: U05bpp
Feb 25, 2019 1:35:55 PM controller.Main main
INFO: msg from MAIN
Feb 25, 2019 1:39:57 PM util.DBConnection connect
INFO: U05bpp
Feb 25, 2019 1:39:58 PM controller.Main main
INFO: msg from MAIN
Feb 25, 2019 1:40:33 PM util.DBConnection connect
INFO: U05bpp
Feb 25, 2019 1:40:34 PM controller.Main main
INFO: msg from MAIN
Feb 25, 2019 1:43:43 PM util.DBConnection connect
INFO: U05bpp
Feb 25, 2019 1:43:44 PM controller.Main main
INFO: msg from MAIN
